<?xml version="1.0" encoding="UTF-8"?>
<testsuites name="bun test" tests="616" assertions="1929" failures="0" skipped="35" time="5.926232">
  <testsuite name=".claude/core/ErrorGovernorFakeTimers.test.ts" file=".claude/core/ErrorGovernorFakeTimers.test.ts" tests="5" assertions="48" failures="0" skipped="0" time="0" hostname="Mac.attlocal.net">
    <testsuite name="ErrorGovernor Fake Timers Demo" file=".claude/core/ErrorGovernorFakeTimers.test.ts" line="9" tests="5" assertions="48" failures="0" skipped="0" time="0" hostname="Mac.attlocal.net">
      <testsuite name="Fake Timers Speed Demonstration" file=".claude/core/ErrorGovernorFakeTimers.test.ts" line="105" tests="4" assertions="46" failures="0" skipped="0" time="0" hostname="Mac.attlocal.net">
        <testcase name="simulates 65s of backoff delays in milliseconds" classname="Fake Timers Speed Demonstration &amp;gt; ErrorGovernor Fake Timers Demo" time="0.000243" file=".claude/core/ErrorGovernorFakeTimers.test.ts" line="106" assertions="28" />
        <testcase name="concurrent error isolation with fake timers" classname="Fake Timers Speed Demonstration &amp;gt; ErrorGovernor Fake Timers Demo" time="0.000046" file=".claude/core/ErrorGovernorFakeTimers.test.ts" line="160" assertions="5" />
        <testcase name="exponential backoff simulation" classname="Fake Timers Speed Demonstration &amp;gt; ErrorGovernor Fake Timers Demo" time="0.000033" file=".claude/core/ErrorGovernorFakeTimers.test.ts" line="197" assertions="10" />
        <testcase name="precision timing edge cases" classname="Fake Timers Speed Demonstration &amp;gt; ErrorGovernor Fake Timers Demo" time="0.000021" file=".claude/core/ErrorGovernorFakeTimers.test.ts" line="242" assertions="3" />
      </testsuite>
      <testsuite name="Performance Metrics" file=".claude/core/ErrorGovernorFakeTimers.test.ts" line="269" tests="1" assertions="2" failures="0" skipped="0" time="0" hostname="Mac.attlocal.net">
        <testcase name="demonstrates CI speed improvement metrics" classname="Performance Metrics &amp;gt; ErrorGovernor Fake Timers Demo" time="0.00003" file=".claude/core/ErrorGovernorFakeTimers.test.ts" line="270" assertions="2" />
      </testsuite>
    </testsuite>
  </testsuite>
  <testsuite name=".claude/core/FakeTimersDemo.test.ts" file=".claude/core/FakeTimersDemo.test.ts" tests="6" assertions="61" failures="0" skipped="0" time="0" hostname="Mac.attlocal.net">
    <testsuite name="Fake Timers Demo - Bun 1.2" file=".claude/core/FakeTimersDemo.test.ts" line="9" tests="6" assertions="61" failures="0" skipped="0" time="0" hostname="Mac.attlocal.net">
      <testsuite name="Fake Timer Speed Demonstration" file=".claude/core/FakeTimersDemo.test.ts" line="87" tests="4" assertions="51" failures="0" skipped="0" time="0" hostname="Mac.attlocal.net">
        <testcase name="demonstrates concept without real delays" classname="Fake Timer Speed Demonstration &amp;gt; Fake Timers Demo - Bun 1.2" time="0.000132" file=".claude/core/FakeTimersDemo.test.ts" line="88" assertions="13" />
        <testcase name="shows individual backoff timing precision" classname="Fake Timer Speed Demonstration &amp;gt; Fake Timers Demo - Bun 1.2" time="0.000095" file=".claude/core/FakeTimersDemo.test.ts" line="117" assertions="28" />
        <testcase name="concurrent timer isolation" classname="Fake Timer Speed Demonstration &amp;gt; Fake Timers Demo - Bun 1.2" time="0.000023" file=".claude/core/FakeTimersDemo.test.ts" line="154" assertions="4" />
        <testcase name="exponential backoff simulation" classname="Fake Timer Speed Demonstration &amp;gt; Fake Timers Demo - Bun 1.2" time="0.000028" file=".claude/core/FakeTimersDemo.test.ts" line="175" assertions="6" />
      </testsuite>
      <testsuite name="Performance Impact Analysis" file=".claude/core/FakeTimersDemo.test.ts" line="204" tests="2" assertions="10" failures="0" skipped="0" time="0" hostname="Mac.attlocal.net">
        <testcase name="calculates CI time savings" classname="Performance Impact Analysis &amp;gt; Fake Timers Demo - Bun 1.2" time="0.000037" file=".claude/core/FakeTimersDemo.test.ts" line="205" assertions="2" />
        <testcase name="validates timer precision requirements" classname="Performance Impact Analysis &amp;gt; Fake Timers Demo - Bun 1.2" time="0.000031" file=".claude/core/FakeTimersDemo.test.ts" line="230" assertions="8" />
      </testsuite>
    </testsuite>
  </testsuite>
  <testsuite name=".claude/core/CIOptimizationDemo.test.ts" file=".claude/core/CIOptimizationDemo.test.ts" tests="7" assertions="20" failures="0" skipped="0" time="0" hostname="Mac.attlocal.net">
    <testsuite name="CI Optimization Demo - ErrorGovernor" file=".claude/core/CIOptimizationDemo.test.ts" line="9" tests="7" assertions="20" failures="0" skipped="0" time="0" hostname="Mac.attlocal.net">
      <testsuite name="Timer Optimization Concept" file=".claude/core/CIOptimizationDemo.test.ts" line="79" tests="3" assertions="9" failures="0" skipped="0" time="0" hostname="Mac.attlocal.net">
        <testcase name="demonstrates backoff logic without real delays" classname="Timer Optimization Concept &amp;gt; CI Optimization Demo - ErrorGovernor" time="0.000086" file=".claude/core/CIOptimizationDemo.test.ts" line="80" assertions="3" />
        <testcase name="validates exponential backoff logic" classname="Timer Optimization Concept &amp;gt; CI Optimization Demo - ErrorGovernor" time="0.000076" file=".claude/core/CIOptimizationDemo.test.ts" line="120" assertions="4" />
        <testcase name="simulates concurrent error handling" classname="Timer Optimization Concept &amp;gt; CI Optimization Demo - ErrorGovernor" time="0.000004" file=".claude/core/CIOptimizationDemo.test.ts" line="138" assertions="2" />
      </testsuite>
      <testsuite name="Performance Metrics" file=".claude/core/CIOptimizationDemo.test.ts" line="166" tests="2" assertions="8" failures="0" skipped="0" time="0" hostname="Mac.attlocal.net">
        <testcase name="calculates CI optimization impact" classname="Performance Metrics &amp;gt; CI Optimization Demo - ErrorGovernor" time="0.000038" file=".claude/core/CIOptimizationDemo.test.ts" line="167" assertions="3" />
        <testcase name="validates timer constant usage" classname="Performance Metrics &amp;gt; CI Optimization Demo - ErrorGovernor" time="0" file=".claude/core/CIOptimizationDemo.test.ts" line="205" assertions="5" />
      </testsuite>
      <testsuite name="Implementation Benefits" file=".claude/core/CIOptimizationDemo.test.ts" line="222" tests="2" assertions="3" failures="0" skipped="0" time="0" hostname="Mac.attlocal.net">
        <testcase name="demonstrates testing reliability improvements" classname="Implementation Benefits &amp;gt; CI Optimization Demo - ErrorGovernor" time="0.000002" file=".claude/core/CIOptimizationDemo.test.ts" line="223" assertions="2" />
        <testcase name="shows developer productivity gains" classname="Implementation Benefits &amp;gt; CI Optimization Demo - ErrorGovernor" time="0.000021" file=".claude/core/CIOptimizationDemo.test.ts" line="252" assertions="1" />
      </testsuite>
    </testsuite>
  </testsuite>
  <testsuite name=".claude/core/ErrorGovernor.test.ts" file=".claude/core/ErrorGovernor.test.ts" tests="20" assertions="80" failures="0" skipped="0" time="0" hostname="Mac.attlocal.net">
    <testsuite name="ErrorGovernor with Fake Timers" file=".claude/core/ErrorGovernor.test.ts" line="34" tests="20" assertions="80" failures="0" skipped="0" time="0" hostname="Mac.attlocal.net">
      <testsuite name="Backoff Timing Tests" file=".claude/core/ErrorGovernor.test.ts" line="127" tests="13" assertions="39" failures="0" skipped="0" time="0" hostname="Mac.attlocal.net">
        <testcase name="ERR_DB_TIMEOUT - Database connection timeout" classname="Backoff Timing Tests &amp;gt; ErrorGovernor with Fake Timers" time="0.000146" file=".claude/core/ErrorGovernor.test.ts" line="129" assertions="3" />
        <testcase name="ERR_RATE_LIMIT - API rate limit exceeded" classname="Backoff Timing Tests &amp;gt; ErrorGovernor with Fake Timers" time="0" file=".claude/core/ErrorGovernor.test.ts" line="129" assertions="3" />
        <testcase name="ERR_CACHE_MISS - Cache miss error" classname="Backoff Timing Tests &amp;gt; ErrorGovernor with Fake Timers" time="0" file=".claude/core/ErrorGovernor.test.ts" line="129" assertions="3" />
        <testcase name="ERR_NETWORK_ERROR - Network connectivity issue" classname="Backoff Timing Tests &amp;gt; ErrorGovernor with Fake Timers" time="0" file=".claude/core/ErrorGovernor.test.ts" line="129" assertions="3" />
        <testcase name="ERR_AUTH_FAILED - Authentication failure" classname="Backoff Timing Tests &amp;gt; ErrorGovernor with Fake Timers" time="0" file=".claude/core/ErrorGovernor.test.ts" line="129" assertions="3" />
        <testcase name="ERR_VALIDATION - Input validation error" classname="Backoff Timing Tests &amp;gt; ErrorGovernor with Fake Timers" time="0" file=".claude/core/ErrorGovernor.test.ts" line="129" assertions="3" />
        <testcase name="ERR_RESOURCE_EXHAUSTED - Resource limits exceeded" classname="Backoff Timing Tests &amp;gt; ErrorGovernor with Fake Timers" time="0" file=".claude/core/ErrorGovernor.test.ts" line="129" assertions="3" />
        <testcase name="ERR_SERVICE_UNAVAILABLE - Service temporarily unavailable" classname="Backoff Timing Tests &amp;gt; ErrorGovernor with Fake Timers" time="0" file=".claude/core/ErrorGovernor.test.ts" line="129" assertions="3" />
        <testcase name="ERR_TIMEOUT - Operation timeout" classname="Backoff Timing Tests &amp;gt; ErrorGovernor with Fake Timers" time="0" file=".claude/core/ErrorGovernor.test.ts" line="129" assertions="3" />
        <testcase name="ERR_PERMISSION_DENIED - Insufficient permissions" classname="Backoff Timing Tests &amp;gt; ErrorGovernor with Fake Timers" time="0" file=".claude/core/ErrorGovernor.test.ts" line="129" assertions="3" />
        <testcase name="ERR_QUOTA_EXCEEDED - Quota limits exceeded" classname="Backoff Timing Tests &amp;gt; ErrorGovernor with Fake Timers" time="0" file=".claude/core/ErrorGovernor.test.ts" line="129" assertions="3" />
        <testcase name="ERR_DATA_CORRUPTION - Data integrity issue" classname="Backoff Timing Tests &amp;gt; ErrorGovernor with Fake Timers" time="0.000197" file=".claude/core/ErrorGovernor.test.ts" line="129" assertions="3" />
        <testcase name="ERR_SYSTEM_OVERLOAD - System resource overload" classname="Backoff Timing Tests &amp;gt; ErrorGovernor with Fake Timers" time="0" file=".claude/core/ErrorGovernor.test.ts" line="129" assertions="3" />
      </testsuite>
      <testsuite name="Concurrent Error Isolation" file=".claude/core/ErrorGovernor.test.ts" line="152" tests="2" assertions="10" failures="0" skipped="0" time="0" hostname="Mac.attlocal.net">
        <testcase name="independent timers for different error codes" classname="Concurrent Error Isolation &amp;gt; ErrorGovernor with Fake Timers" time="0.000076" file=".claude/core/ErrorGovernor.test.ts" line="153" assertions="6" />
        <testcase name="multiple errors same profile respect exponential backoff" classname="Concurrent Error Isolation &amp;gt; ErrorGovernor with Fake Timers" time="0" file=".claude/core/ErrorGovernor.test.ts" line="187" assertions="4" />
      </testsuite>
      <testsuite name="Metrics Collection" file=".claude/core/ErrorGovernor.test.ts" line="219" tests="1" assertions="5" failures="0" skipped="0" time="0" hostname="Mac.attlocal.net">
        <testcase name="error metrics update correctly with fake timers" classname="Metrics Collection &amp;gt; ErrorGovernor with Fake Timers" time="0" file=".claude/core/ErrorGovernor.test.ts" line="220" assertions="5" />
      </testsuite>
      <testsuite name="Timer Precision Edge Cases" file=".claude/core/ErrorGovernor.test.ts" line="237" tests="2" assertions="7" failures="0" skipped="0" time="0" hostname="Mac.attlocal.net">
        <testcase name="exact timing boundaries work correctly" classname="Timer Precision Edge Cases &amp;gt; ErrorGovernor with Fake Timers" time="0.000081" file=".claude/core/ErrorGovernor.test.ts" line="238" assertions="5" />
        <testcase name="sub-millisecond timing precision" classname="Timer Precision Edge Cases &amp;gt; ErrorGovernor with Fake Timers" time="0.000012" file=".claude/core/ErrorGovernor.test.ts" line="254" assertions="2" />
      </testsuite>
      <testsuite name="Performance Validation" file=".claude/core/ErrorGovernor.test.ts" line="270" tests="1" assertions="16" failures="0" skipped="0" time="0" hostname="Mac.attlocal.net">
        <testcase name="fake timers provide significant speed improvement" classname="Performance Validation &amp;gt; ErrorGovernor with Fake Timers" time="0.00005" file=".claude/core/ErrorGovernor.test.ts" line="271" assertions="16" />
      </testsuite>
      <testsuite name="Error Recovery Scenarios" file=".claude/core/ErrorGovernor.test.ts" line="302" tests="1" assertions="3" failures="0" skipped="0" time="0" hostname="Mac.attlocal.net">
        <testcase name="critical error triggers restart with proper timing" classname="Error Recovery Scenarios &amp;gt; ErrorGovernor with Fake Timers" time="0.000087" file=".claude/core/ErrorGovernor.test.ts" line="303" assertions="3" />
      </testsuite>
    </testsuite>
  </testsuite>
  <testsuite name=".claude/acp-ws/flood.test.ts" file=".claude/acp-ws/flood.test.ts" tests="2" assertions="2" failures="0" skipped="0" time="0" hostname="Mac.attlocal.net">
    <testsuite name="ACP WebSocket Flood Test" file=".claude/acp-ws/flood.test.ts" line="11" tests="2" assertions="2" failures="0" skipped="0" time="2.534" hostname="Mac.attlocal.net">
      <testcase name="should handle 10k messages without dropping" classname="ACP WebSocket Flood Test" time="2.032205" file=".claude/acp-ws/flood.test.ts" line="36" assertions="1" />
      <testcase name="should reject oversized messages" classname="ACP WebSocket Flood Test" time="0.502871" file=".claude/acp-ws/flood.test.ts" line="91" assertions="1" />
    </testsuite>
  </testsuite>
  <testsuite name=".claude/test/rss-team-activity.test.ts" file=".claude/test/rss-team-activity.test.ts" tests="12" assertions="31" failures="0" skipped="0" time="0" hostname="Mac.attlocal.net">
    <testsuite name="RSSTeamActivityFeed" file=".claude/test/rss-team-activity.test.ts" line="37" tests="7" assertions="22" failures="0" skipped="0" time="0" hostname="Mac.attlocal.net">
      <testsuite name="generateRSS" file=".claude/test/rss-team-activity.test.ts" line="38" tests="2" assertions="10" failures="0" skipped="0" time="0" hostname="Mac.attlocal.net">
        <testcase name="should generate valid RSS XML" classname="generateRSS &amp;gt; RSSTeamActivityFeed" time="0.000431" file=".claude/test/rss-team-activity.test.ts" line="39" assertions="6" />
        <testcase name="should escape XML special characters" classname="generateRSS &amp;gt; RSSTeamActivityFeed" time="0.000122" file=".claude/test/rss-team-activity.test.ts" line="68" assertions="4" />
      </testsuite>
      <testsuite name="createTeamFeed" file=".claude/test/rss-team-activity.test.ts" line="87" tests="2" assertions="4" failures="0" skipped="0" time="0" hostname="Mac.attlocal.net">
        <testcase name="should create feed from events" classname="createTeamFeed &amp;gt; RSSTeamActivityFeed" time="0.000071" file=".claude/test/rss-team-activity.test.ts" line="88" assertions="3" />
        <testcase name="should limit items to max" classname="createTeamFeed &amp;gt; RSSTeamActivityFeed" time="0.000218" file=".claude/test/rss-team-activity.test.ts" line="109" assertions="1" />
      </testsuite>
      <testsuite name="createThemeFeed" file=".claude/test/rss-team-activity.test.ts" line="125" tests="1" assertions="2" failures="0" skipped="0" time="0" hostname="Mac.attlocal.net">
        <testcase name="should only include theme events" classname="createThemeFeed &amp;gt; RSSTeamActivityFeed" time="0" file=".claude/test/rss-team-activity.test.ts" line="126" assertions="2" />
      </testsuite>
      <testsuite name="eventToRSSItem" file=".claude/test/rss-team-activity.test.ts" line="152" tests="2" assertions="6" failures="0" skipped="0" time="0" hostname="Mac.attlocal.net">
        <testcase name="should convert theme_update event" classname="eventToRSSItem &amp;gt; RSSTeamActivityFeed" time="0" file=".claude/test/rss-team-activity.test.ts" line="153" assertions="3" />
        <testcase name="should convert profile_join event" classname="eventToRSSItem &amp;gt; RSSTeamActivityFeed" time="0" file=".claude/test/rss-team-activity.test.ts" line="179" assertions="3" />
      </testsuite>
    </testsuite>
    <testsuite name="TeamActivityStore" file=".claude/test/rss-team-activity.test.ts" line="207" tests="5" assertions="9" failures="0" skipped="0" time="0" hostname="Mac.attlocal.net">
      <testsuite name="storeEvent" file=".claude/test/rss-team-activity.test.ts" line="208" tests="2" assertions="4" failures="0" skipped="0" time="0" hostname="Mac.attlocal.net">
        <testcase name="should store event in KV" classname="storeEvent &amp;gt; TeamActivityStore" time="0.000446" file=".claude/test/rss-team-activity.test.ts" line="209" assertions="2" />
        <testcase name="should add event to list" classname="storeEvent &amp;gt; TeamActivityStore" time="0.000016" file=".claude/test/rss-team-activity.test.ts" line="227" assertions="2" />
      </testsuite>
      <testsuite name="getTeamEvents" file=".claude/test/rss-team-activity.test.ts" line="246" tests="2" assertions="3" failures="0" skipped="0" time="0" hostname="Mac.attlocal.net">
        <testcase name="should retrieve stored events" classname="getTeamEvents &amp;gt; TeamActivityStore" time="0.000256" file=".claude/test/rss-team-activity.test.ts" line="247" assertions="2" />
        <testcase name="should return empty array for no events" classname="getTeamEvents &amp;gt; TeamActivityStore" time="0.000033" file=".claude/test/rss-team-activity.test.ts" line="265" assertions="1" />
      </testsuite>
      <testsuite name="getEventsByType" file=".claude/test/rss-team-activity.test.ts" line="275" tests="1" assertions="2" failures="0" skipped="0" time="0" hostname="Mac.attlocal.net">
        <testcase name="should filter events by type" classname="getEventsByType &amp;gt; TeamActivityStore" time="0.000153" file=".claude/test/rss-team-activity.test.ts" line="276" assertions="2" />
      </testsuite>
    </testsuite>
  </testsuite>
  <testsuite name=".claude/test/shell-kimi-performance-guard.test.ts" file=".claude/test/shell-kimi-performance-guard.test.ts" tests="56" assertions="97" failures="0" skipped="0" time="0" hostname="Mac.attlocal.net">
    <testsuite name="ShellKimiPerformanceGuard" file=".claude/test/shell-kimi-performance-guard.test.ts" line="48" tests="35" assertions="62" failures="0" skipped="0" time="0" hostname="Mac.attlocal.net">
      <testsuite name="Rate Limiting" file=".claude/test/shell-kimi-performance-guard.test.ts" line="63" tests="4" assertions="6" failures="0" skipped="0" time="0" hostname="Mac.attlocal.net">
        <testcase name="should allow requests within rate limit" classname="Rate Limiting &amp;gt; ShellKimiPerformanceGuard" time="0" file=".claude/test/shell-kimi-performance-guard.test.ts" line="64" assertions="1" />
        <testcase name="should block requests exceeding rate limit" classname="Rate Limiting &amp;gt; ShellKimiPerformanceGuard" time="0.000074" file=".claude/test/shell-kimi-performance-guard.test.ts" line="69" assertions="2" />
        <testcase name="should track different clients separately" classname="Rate Limiting &amp;gt; ShellKimiPerformanceGuard" time="0.000036" file=".claude/test/shell-kimi-performance-guard.test.ts" line="81" assertions="1" />
        <testcase name="should return correct rate limit status" classname="Rate Limiting &amp;gt; ShellKimiPerformanceGuard" time="0" file=".claude/test/shell-kimi-performance-guard.test.ts" line="92" assertions="2" />
      </testsuite>
      <testsuite name="Circuit Breaker" file=".claude/test/shell-kimi-performance-guard.test.ts" line="102" tests="4" assertions="5" failures="0" skipped="0" time="0.6" hostname="Mac.attlocal.net">
        <testcase name="should start with closed circuit" classname="Circuit Breaker &amp;gt; ShellKimiPerformanceGuard" time="0" file=".claude/test/shell-kimi-performance-guard.test.ts" line="103" assertions="1" />
        <testcase name="should open circuit after threshold failures" classname="Circuit Breaker &amp;gt; ShellKimiPerformanceGuard" time="0" file=".claude/test/shell-kimi-performance-guard.test.ts" line="108" assertions="1" />
        <testcase name="should block requests when circuit is open" classname="Circuit Breaker &amp;gt; ShellKimiPerformanceGuard" time="0.000474" file=".claude/test/shell-kimi-performance-guard.test.ts" line="119" assertions="2" />
        <testcase name="should allow requests after recovery timeout" classname="Circuit Breaker &amp;gt; ShellKimiPerformanceGuard" time="0.600927" file=".claude/test/shell-kimi-performance-guard.test.ts" line="131" assertions="1" />
      </testsuite>
      <testsuite name="Concurrent Request Limiting" file=".claude/test/shell-kimi-performance-guard.test.ts" line="147" tests="2" assertions="3" failures="0" skipped="0" time="0" hostname="Mac.attlocal.net">
        <testcase name="should track concurrent requests" classname="Concurrent Request Limiting &amp;gt; ShellKimiPerformanceGuard" time="0.000306" file=".claude/test/shell-kimi-performance-guard.test.ts" line="148" assertions="1" />
        <testcase name="should block when global concurrency limit exceeded" classname="Concurrent Request Limiting &amp;gt; ShellKimiPerformanceGuard" time="0.000064" file=".claude/test/shell-kimi-performance-guard.test.ts" line="156" assertions="2" />
      </testsuite>
      <testsuite name="Request Metrics" file=".claude/test/shell-kimi-performance-guard.test.ts" line="169" tests="3" assertions="5" failures="0" skipped="0" time="0.069" hostname="Mac.attlocal.net">
        <testcase name="should track request duration" classname="Request Metrics &amp;gt; ShellKimiPerformanceGuard" time="0.010565" file=".claude/test/shell-kimi-performance-guard.test.ts" line="170" assertions="1" />
        <testcase name="should update endpoint statistics" classname="Request Metrics &amp;gt; ShellKimiPerformanceGuard" time="0.000082" file=".claude/test/shell-kimi-performance-guard.test.ts" line="179" assertions="3" />
        <testcase name="should track slow queries" classname="Request Metrics &amp;gt; ShellKimiPerformanceGuard" time="0.059822" file=".claude/test/shell-kimi-performance-guard.test.ts" line="189" assertions="1" />
      </testsuite>
      <testsuite name="Guard Wrapper" file=".claude/test/shell-kimi-performance-guard.test.ts" line="205" tests="3" assertions="6" failures="0" skipped="0" time="0.102" hostname="Mac.attlocal.net">
        <testcase name="should execute successful handler" classname="Guard Wrapper &amp;gt; ShellKimiPerformanceGuard" time="0.00042" file=".claude/test/shell-kimi-performance-guard.test.ts" line="206" assertions="2" />
        <testcase name="should catch handler errors" classname="Guard Wrapper &amp;gt; ShellKimiPerformanceGuard" time="0.000145" file=".claude/test/shell-kimi-performance-guard.test.ts" line="219" assertions="2" />
        <testcase name="should timeout slow handlers" classname="Guard Wrapper &amp;gt; ShellKimiPerformanceGuard" time="0.102486" file=".claude/test/shell-kimi-performance-guard.test.ts" line="234" assertions="2" />
      </testsuite>
      <testsuite name="Health Status" file=".claude/test/shell-kimi-performance-guard.test.ts" line="251" tests="3" assertions="6" failures="0" skipped="0" time="0" hostname="Mac.attlocal.net">
        <testcase name="should report healthy when no issues" classname="Health Status &amp;gt; ShellKimiPerformanceGuard" time="0.000023" file=".claude/test/shell-kimi-performance-guard.test.ts" line="252" assertions="2" />
        <testcase name="should report issues when circuit breakers are open" classname="Health Status &amp;gt; ShellKimiPerformanceGuard" time="0.000569" file=".claude/test/shell-kimi-performance-guard.test.ts" line="258" assertions="2" />
        <testcase name="should report high concurrency" classname="Health Status &amp;gt; ShellKimiPerformanceGuard" time="0.000186" file=".claude/test/shell-kimi-performance-guard.test.ts" line="272" assertions="2" />
      </testsuite>
      <testsuite name="Reset" file=".claude/test/shell-kimi-performance-guard.test.ts" line="286" tests="1" assertions="2" failures="0" skipped="0" time="0" hostname="Mac.attlocal.net">
        <testcase name="should clear all state on reset" classname="Reset &amp;gt; ShellKimiPerformanceGuard" time="0.00006" file=".claude/test/shell-kimi-performance-guard.test.ts" line="287" assertions="2" />
      </testsuite>
      <testsuite name="Team Member Profiles" file=".claude/test/shell-kimi-performance-guard.test.ts" line="301" tests="14" assertions="28" failures="0" skipped="0" time="0.079" hostname="Mac.attlocal.net">
        <testcase name="should create profile on first request" classname="Team Member Profiles &amp;gt; ShellKimiPerformanceGuard" time="0.00003" file=".claude/test/shell-kimi-performance-guard.test.ts" line="302" assertions="3" />
        <testcase name="should track multiple requests per member" classname="Team Member Profiles &amp;gt; ShellKimiPerformanceGuard" time="0.000585" file=".claude/test/shell-kimi-performance-guard.test.ts" line="312" assertions="2" />
        <testcase name="should track failed requests" classname="Team Member Profiles &amp;gt; ShellKimiPerformanceGuard" time="0.000017" file=".claude/test/shell-kimi-performance-guard.test.ts" line="324" assertions="3" />
        <testcase name="should track endpoint usage per member" classname="Team Member Profiles &amp;gt; ShellKimiPerformanceGuard" time="0.000035" file=".claude/test/shell-kimi-performance-guard.test.ts" line="334" assertions="2" />
        <testcase name="should calculate average response time" classname="Team Member Profiles &amp;gt; ShellKimiPerformanceGuard" time="0.000016" file=".claude/test/shell-kimi-performance-guard.test.ts" line="345" assertions="2" />
        <testcase name="should track slow queries" classname="Team Member Profiles &amp;gt; ShellKimiPerformanceGuard" time="0.060739" file=".claude/test/shell-kimi-performance-guard.test.ts" line="354" assertions="1" />
        <testcase name="should list all team member profiles" classname="Team Member Profiles &amp;gt; ShellKimiPerformanceGuard" time="0.001415" file=".claude/test/shell-kimi-performance-guard.test.ts" line="368" assertions="1" />
        <testcase name="should return team statistics" classname="Team Member Profiles &amp;gt; ShellKimiPerformanceGuard" time="0.002277" file=".claude/test/shell-kimi-performance-guard.test.ts" line="378" assertions="3" />
        <testcase name="should return top performers" classname="Team Member Profiles &amp;gt; ShellKimiPerformanceGuard" time="0.000275" file=".claude/test/shell-kimi-performance-guard.test.ts" line="390" assertions="2" />
        <testcase name="should return profile summary" classname="Team Member Profiles &amp;gt; ShellKimiPerformanceGuard" time="0.001546" file=".claude/test/shell-kimi-performance-guard.test.ts" line="405" assertions="3" />
        <testcase name="should allow setting member name" classname="Team Member Profiles &amp;gt; ShellKimiPerformanceGuard" time="0" file=".claude/test/shell-kimi-performance-guard.test.ts" line="415" assertions="1" />
        <testcase name="should track concurrent requests per member" classname="Team Member Profiles &amp;gt; ShellKimiPerformanceGuard" time="0.002916" file=".claude/test/shell-kimi-performance-guard.test.ts" line="424" assertions="2" />
        <testcase name="should update lastActive timestamp" classname="Team Member Profiles &amp;gt; ShellKimiPerformanceGuard" time="0.012344" file=".claude/test/shell-kimi-performance-guard.test.ts" line="437" assertions="1" />
        <testcase name="should track rate limit status in profile" classname="Team Member Profiles &amp;gt; ShellKimiPerformanceGuard" time="0.001529" file=".claude/test/shell-kimi-performance-guard.test.ts" line="453" assertions="2" />
      </testsuite>
      <testsuite name="Reset" file=".claude/test/shell-kimi-performance-guard.test.ts" line="463" tests="1" assertions="1" failures="0" skipped="0" time="0.002" hostname="Mac.attlocal.net">
        <testcase name="should clear team profiles on reset" classname="Reset &amp;gt; ShellKimiPerformanceGuard" time="0.002966" file=".claude/test/shell-kimi-performance-guard.test.ts" line="464" assertions="1" />
      </testsuite>
    </testsuite>
    <testsuite name="handlePerformanceGuardStatus" file=".claude/test/shell-kimi-performance-guard.test.ts" line="476" tests="3" assertions="3" failures="0" skipped="0" time="0" hostname="Mac.attlocal.net">
      <testcase name="should return healthy status" classname="handlePerformanceGuardStatus" time="0" file=".claude/test/shell-kimi-performance-guard.test.ts" line="477" assertions="1" />
      <testcase name="should include endpoint statistics" classname="handlePerformanceGuardStatus" time="0" file=".claude/test/shell-kimi-performance-guard.test.ts" line="484" assertions="1" />
      <testcase name="should include team stats" classname="handlePerformanceGuardStatus" time="0" file=".claude/test/shell-kimi-performance-guard.test.ts" line="494" assertions="1" />
    </testsuite>
    <testsuite name="handleTeamMembersList" file=".claude/test/shell-kimi-performance-guard.test.ts" line="505" tests="2" assertions="2" failures="0" skipped="0" time="0" hostname="Mac.attlocal.net">
      <testcase name="should return list of team members" classname="handleTeamMembersList" time="0.000739" file=".claude/test/shell-kimi-performance-guard.test.ts" line="506" assertions="1" />
      <testcase name="should support pagination" classname="handleTeamMembersList" time="0.00022" file=".claude/test/shell-kimi-performance-guard.test.ts" line="517" assertions="1" />
    </testsuite>
    <testsuite name="handleTeamMemberProfile" file=".claude/test/shell-kimi-performance-guard.test.ts" line="533" tests="2" assertions="2" failures="0" skipped="0" time="0" hostname="Mac.attlocal.net">
      <testcase name="should return profile for existing member" classname="handleTeamMemberProfile" time="0.000249" file=".claude/test/shell-kimi-performance-guard.test.ts" line="534" assertions="1" />
      <testcase name="should return 404 for non-existent member" classname="handleTeamMemberProfile" time="0.000048" file=".claude/test/shell-kimi-performance-guard.test.ts" line="545" assertions="1" />
    </testsuite>
    <testsuite name="handleTeamStats" file=".claude/test/shell-kimi-performance-guard.test.ts" line="555" tests="1" assertions="1" failures="0" skipped="0" time="0.001" hostname="Mac.attlocal.net">
      <testcase name="should return team statistics" classname="handleTeamStats" time="0.001573" file=".claude/test/shell-kimi-performance-guard.test.ts" line="556" assertions="1" />
    </testsuite>
    <testsuite name="handleSetTeamMemberName" file=".claude/test/shell-kimi-performance-guard.test.ts" line="567" tests="2" assertions="2" failures="0" skipped="0" time="0" hostname="Mac.attlocal.net">
      <testcase name="should set team member name" classname="handleSetTeamMemberName" time="0.000825" file=".claude/test/shell-kimi-performance-guard.test.ts" line="568" assertions="1" />
      <testcase name="should return 400 for missing fields" classname="handleSetTeamMemberName" time="0.00013" file=".claude/test/shell-kimi-performance-guard.test.ts" line="582" assertions="1" />
    </testsuite>
    <testsuite name="Member Theme" file=".claude/test/shell-kimi-performance-guard.test.ts" line="595" tests="8" assertions="21" failures="0" skipped="0" time="0.006" hostname="Mac.attlocal.net">
      <testcase name="should generate deterministic theme from clientId" classname="Member Theme" time="0.006188" file=".claude/test/shell-kimi-performance-guard.test.ts" line="596" assertions="2" />
      <testcase name="should generate different themes for different clientIds" classname="Member Theme" time="0.00005" file=".claude/test/shell-kimi-performance-guard.test.ts" line="605" assertions="1" />
      <testcase name="should include all required color properties" classname="Member Theme" time="0.000115" file=".claude/test/shell-kimi-performance-guard.test.ts" line="613" assertions="8" />
      <testcase name="should include RGBA arrays" classname="Member Theme" time="0.000011" file=".claude/test/shell-kimi-performance-guard.test.ts" line="627" assertions="3" />
      <testcase name="should include terminal ANSI colors" classname="Member Theme" time="0" file=".claude/test/shell-kimi-performance-guard.test.ts" line="636" assertions="3" />
      <testcase name="should assign theme to profile" classname="Member Theme" time="0.000087" file=".claude/test/shell-kimi-performance-guard.test.ts" line="645" assertions="1" />
      <testcase name="should get theme for member (auto-generates if missing)" classname="Member Theme" time="0.000022" file=".claude/test/shell-kimi-performance-guard.test.ts" line="656" assertions="1" />
      <testcase name="should return theme summary for team" classname="Member Theme" time="0.000079" file=".claude/test/shell-kimi-performance-guard.test.ts" line="665" assertions="2" />
    </testsuite>
    <testsuite name="handleMemberTheme" file=".claude/test/shell-kimi-performance-guard.test.ts" line="678" tests="1" assertions="1" failures="0" skipped="0" time="0" hostname="Mac.attlocal.net">
      <testcase name="should return member theme" classname="handleMemberTheme" time="0.000079" file=".claude/test/shell-kimi-performance-guard.test.ts" line="679" assertions="1" />
    </testsuite>
    <testsuite name="handleTeamThemeSummary" file=".claude/test/shell-kimi-performance-guard.test.ts" line="689" tests="1" assertions="1" failures="0" skipped="0" time="0" hostname="Mac.attlocal.net">
      <testcase name="should return team theme summary" classname="handleTeamThemeSummary" time="0.000015" file=".claude/test/shell-kimi-performance-guard.test.ts" line="690" assertions="1" />
    </testsuite>
    <testsuite name="handleRegenerateTheme" file=".claude/test/shell-kimi-performance-guard.test.ts" line="700" tests="1" assertions="2" failures="0" skipped="0" time="0" hostname="Mac.attlocal.net">
      <testcase name="should regenerate theme for member" classname="handleRegenerateTheme" time="0.000063" file=".claude/test/shell-kimi-performance-guard.test.ts" line="701" assertions="2" />
    </testsuite>
  </testsuite>
  <testsuite name=".claude/test/color-accessibility.test.ts" file=".claude/test/color-accessibility.test.ts" tests="23" assertions="39" failures="0" skipped="0" time="0" hostname="Mac.attlocal.net">
    <testsuite name="getContrastRatio" file=".claude/test/color-accessibility.test.ts" line="68" tests="4" assertions="4" failures="0" skipped="0" time="0" hostname="Mac.attlocal.net">
      <testcase name="should calculate black on white as 21:1" classname="getContrastRatio" time="0.000192" file=".claude/test/color-accessibility.test.ts" line="69" assertions="1" />
      <testcase name="should calculate white on white as 1:1" classname="getContrastRatio" time="0.000015" file=".claude/test/color-accessibility.test.ts" line="74" assertions="1" />
      <testcase name="should calculate accessible text on white" classname="getContrastRatio" time="0.000027" file=".claude/test/color-accessibility.test.ts" line="79" assertions="1" />
      <testcase name="should detect poor contrast" classname="getContrastRatio" time="0.00008" file=".claude/test/color-accessibility.test.ts" line="84" assertions="1" />
    </testsuite>
    <testsuite name="ColorAccessibilityValidator" file=".claude/test/color-accessibility.test.ts" line="90" tests="14" assertions="21" failures="0" skipped="0" time="0" hostname="Mac.attlocal.net">
      <testsuite name="validatePalette" file=".claude/test/color-accessibility.test.ts" line="91" tests="7" assertions="11" failures="0" skipped="0" time="0.002" hostname="Mac.attlocal.net">
        <testcase name="should validate accessible palette with good score" classname="validatePalette &amp;gt; ColorAccessibilityValidator" time="0.002105" file=".claude/test/color-accessibility.test.ts" line="92" assertions="2" />
        <testcase name="should fail poor contrast palette" classname="validatePalette &amp;gt; ColorAccessibilityValidator" time="0.000862" file=".claude/test/color-accessibility.test.ts" line="101" assertions="2" />
        <testcase name="should check all contrast pairs" classname="validatePalette &amp;gt; ColorAccessibilityValidator" time="0" file=".claude/test/color-accessibility.test.ts" line="109" assertions="2" />
        <testcase name="should calculate score correctly" classname="validatePalette &amp;gt; ColorAccessibilityValidator" time="0.000282" file=".claude/test/color-accessibility.test.ts" line="117" assertions="1" />
        <testcase name="should detect color blindness issues" classname="validatePalette &amp;gt; ColorAccessibilityValidator" time="0" file=".claude/test/color-accessibility.test.ts" line="127" assertions="2" />
        <testcase name="should provide recommendations for failures" classname="validatePalette &amp;gt; ColorAccessibilityValidator" time="0" file=".claude/test/color-accessibility.test.ts" line="135" assertions="1" />
        <testcase name="should validate at AAA level" classname="validatePalette &amp;gt; ColorAccessibilityValidator" time="0" file=".claude/test/color-accessibility.test.ts" line="144" assertions="1" />
      </testsuite>
      <testsuite name="quickCheck" file=".claude/test/color-accessibility.test.ts" line="153" tests="4" assertions="6" failures="0" skipped="0" time="0" hostname="Mac.attlocal.net">
        <testcase name="should pass accessible pair" classname="quickCheck &amp;gt; ColorAccessibilityValidator" time="0" file=".claude/test/color-accessibility.test.ts" line="154" assertions="2" />
        <testcase name="should fail poor contrast pair" classname="quickCheck &amp;gt; ColorAccessibilityValidator" time="0" file=".claude/test/color-accessibility.test.ts" line="162" assertions="2" />
        <testcase name="should return correct required ratio for AA" classname="quickCheck &amp;gt; ColorAccessibilityValidator" time="0" file=".claude/test/color-accessibility.test.ts" line="170" assertions="1" />
        <testcase name="should return correct required ratio for AAA" classname="quickCheck &amp;gt; ColorAccessibilityValidator" time="0" file=".claude/test/color-accessibility.test.ts" line="177" assertions="1" />
      </testsuite>
      <testsuite name="suggestAccessibleColor" file=".claude/test/color-accessibility.test.ts" line="185" tests="3" assertions="4" failures="0" skipped="0" time="0.001" hostname="Mac.attlocal.net">
        <testcase name="should return original if already accessible" classname="suggestAccessibleColor &amp;gt; ColorAccessibilityValidator" time="0.001058" file=".claude/test/color-accessibility.test.ts" line="186" assertions="2" />
        <testcase name="should suggest accessible alternatives for poor contrast" classname="suggestAccessibleColor &amp;gt; ColorAccessibilityValidator" time="0" file=".claude/test/color-accessibility.test.ts" line="197" assertions="1" />
        <testcase name="should attempt to suggest alternatives for poor contrast" classname="suggestAccessibleColor &amp;gt; ColorAccessibilityValidator" time="0.000266" file=".claude/test/color-accessibility.test.ts" line="207" assertions="1" />
      </testsuite>
    </testsuite>
    <testsuite name="HTTP Endpoint Handlers" file=".claude/test/color-accessibility.test.ts" line="220" tests="5" assertions="14" failures="0" skipped="0" time="0" hostname="Mac.attlocal.net">
      <testsuite name="handleValidatePalette" file=".claude/test/color-accessibility.test.ts" line="221" tests="1" assertions="4" failures="0" skipped="0" time="0" hostname="Mac.attlocal.net">
        <testcase name="should validate palette via HTTP" classname="handleValidatePalette &amp;gt; HTTP Endpoint Handlers" time="0.000681" file=".claude/test/color-accessibility.test.ts" line="222" assertions="4" />
      </testsuite>
      <testsuite name="handleQuickContrastCheck" file=".claude/test/color-accessibility.test.ts" line="234" tests="2" assertions="5" failures="0" skipped="0" time="0.001" hostname="Mac.attlocal.net">
        <testcase name="should check contrast via HTTP" classname="handleQuickContrastCheck &amp;gt; HTTP Endpoint Handlers" time="0.001305" file=".claude/test/color-accessibility.test.ts" line="235" assertions="4" />
        <testcase name="should reject missing params" classname="handleQuickContrastCheck &amp;gt; HTTP Endpoint Handlers" time="0.000037" file=".claude/test/color-accessibility.test.ts" line="248" assertions="1" />
      </testsuite>
      <testsuite name="handleSuggestAccessibleColor" file=".claude/test/color-accessibility.test.ts" line="256" tests="2" assertions="5" failures="0" skipped="0" time="0.002" hostname="Mac.attlocal.net">
        <testcase name="should suggest colors via HTTP" classname="handleSuggestAccessibleColor &amp;gt; HTTP Endpoint Handlers" time="0.002158" file=".claude/test/color-accessibility.test.ts" line="257" assertions="4" />
        <testcase name="should reject missing params" classname="handleSuggestAccessibleColor &amp;gt; HTTP Endpoint Handlers" time="0.000061" file=".claude/test/color-accessibility.test.ts" line="270" assertions="1" />
      </testsuite>
    </testsuite>
  </testsuite>
  <testsuite name=".claude/test/color-palette-storage.test.ts" file=".claude/test/color-palette-storage.test.ts" tests="17" assertions="43" failures="0" skipped="0" time="0" hostname="Mac.attlocal.net">
    <testsuite name="ColorPaletteStorage" file=".claude/test/color-palette-storage.test.ts" line="107" tests="10" assertions="29" failures="0" skipped="0" time="0" hostname="Mac.attlocal.net">
      <testsuite name="storePalette" file=".claude/test/color-palette-storage.test.ts" line="116" tests="3" assertions="7" failures="0" skipped="0" time="0.001" hostname="Mac.attlocal.net">
        <testcase name="should store a palette successfully" classname="storePalette &amp;gt; ColorPaletteStorage" time="0.00194" file=".claude/test/color-palette-storage.test.ts" line="117" assertions="4" />
        <testcase name="should increment version on update" classname="storePalette &amp;gt; ColorPaletteStorage" time="0" file=".claude/test/color-palette-storage.test.ts" line="130" assertions="2" />
        <testcase name="should store with tags" classname="storePalette &amp;gt; ColorPaletteStorage" time="0" file=".claude/test/color-palette-storage.test.ts" line="149" assertions="1" />
      </testsuite>
      <testsuite name="getPalette" file=".claude/test/color-palette-storage.test.ts" line="161" tests="2" assertions="7" failures="0" skipped="0" time="0" hostname="Mac.attlocal.net">
        <testcase name="should retrieve a stored palette" classname="getPalette &amp;gt; ColorPaletteStorage" time="0" file=".claude/test/color-palette-storage.test.ts" line="162" assertions="5" />
        <testcase name="should return not found for non-existent palette" classname="getPalette &amp;gt; ColorPaletteStorage" time="0" file=".claude/test/color-palette-storage.test.ts" line="174" assertions="2" />
      </testsuite>
      <testsuite name="deletePalette" file=".claude/test/color-palette-storage.test.ts" line="182" tests="1" assertions="2" failures="0" skipped="0" time="0" hostname="Mac.attlocal.net">
        <testcase name="should delete a palette" classname="deletePalette &amp;gt; ColorPaletteStorage" time="0" file=".claude/test/color-palette-storage.test.ts" line="183" assertions="2" />
      </testsuite>
      <testsuite name="listTeamPalettes" file=".claude/test/color-palette-storage.test.ts" line="194" tests="2" assertions="4" failures="0" skipped="0" time="0.001" hostname="Mac.attlocal.net">
        <testcase name="should list all palettes for a team" classname="listTeamPalettes &amp;gt; ColorPaletteStorage" time="0.001598" file=".claude/test/color-palette-storage.test.ts" line="195" assertions="3" />
        <testcase name="should respect limit parameter" classname="listTeamPalettes &amp;gt; ColorPaletteStorage" time="0" file=".claude/test/color-palette-storage.test.ts" line="210" assertions="1" />
      </testsuite>
      <testsuite name="getTeamStats" file=".claude/test/color-palette-storage.test.ts" line="223" tests="1" assertions="5" failures="0" skipped="0" time="0" hostname="Mac.attlocal.net">
        <testcase name="should return team statistics" classname="getTeamStats &amp;gt; ColorPaletteStorage" time="0.000322" file=".claude/test/color-palette-storage.test.ts" line="224" assertions="5" />
      </testsuite>
      <testsuite name="exportTeamPalettes" file=".claude/test/color-palette-storage.test.ts" line="238" tests="1" assertions="4" failures="0" skipped="0" time="0" hostname="Mac.attlocal.net">
        <testcase name="should export all team palettes" classname="exportTeamPalettes &amp;gt; ColorPaletteStorage" time="0.000443" file=".claude/test/color-palette-storage.test.ts" line="239" assertions="4" />
      </testsuite>
    </testsuite>
    <testsuite name="HTTP Endpoint Handlers" file=".claude/test/color-palette-storage.test.ts" line="255" tests="7" assertions="14" failures="0" skipped="0" time="0" hostname="Mac.attlocal.net">
      <testsuite name="handleStorePalette" file=".claude/test/color-palette-storage.test.ts" line="264" tests="3" assertions="4" failures="0" skipped="0" time="0" hostname="Mac.attlocal.net">
        <testcase name="should store palette via HTTP" classname="handleStorePalette &amp;gt; HTTP Endpoint Handlers" time="0.000597" file=".claude/test/color-palette-storage.test.ts" line="265" assertions="2" />
        <testcase name="should reject missing fields" classname="handleStorePalette &amp;gt; HTTP Endpoint Handlers" time="0.000425" file=".claude/test/color-palette-storage.test.ts" line="285" assertions="1" />
        <testcase name="should reject non-POST methods" classname="handleStorePalette &amp;gt; HTTP Endpoint Handlers" time="0" file=".claude/test/color-palette-storage.test.ts" line="298" assertions="1" />
      </testsuite>
      <testsuite name="handleGetPalette" file=".claude/test/color-palette-storage.test.ts" line="308" tests="2" assertions="4" failures="0" skipped="0" time="0.002" hostname="Mac.attlocal.net">
        <testcase name="should retrieve palette via HTTP" classname="handleGetPalette &amp;gt; HTTP Endpoint Handlers" time="0.002082" file=".claude/test/color-palette-storage.test.ts" line="309" assertions="3" />
        <testcase name="should return 404 for non-existent palette" classname="handleGetPalette &amp;gt; HTTP Endpoint Handlers" time="0.00027" file=".claude/test/color-palette-storage.test.ts" line="326" assertions="1" />
      </testsuite>
      <testsuite name="handleListTeamPalettes" file=".claude/test/color-palette-storage.test.ts" line="339" tests="1" assertions="3" failures="0" skipped="0" time="0" hostname="Mac.attlocal.net">
        <testcase name="should list team palettes via HTTP" classname="handleListTeamPalettes &amp;gt; HTTP Endpoint Handlers" time="0" file=".claude/test/color-palette-storage.test.ts" line="340" assertions="3" />
      </testsuite>
      <testsuite name="handleGetTeamPaletteStats" file=".claude/test/color-palette-storage.test.ts" line="358" tests="1" assertions="3" failures="0" skipped="0" time="0" hostname="Mac.attlocal.net">
        <testcase name="should return team stats via HTTP" classname="handleGetTeamPaletteStats &amp;gt; HTTP Endpoint Handlers" time="0.000883" file=".claude/test/color-palette-storage.test.ts" line="359" assertions="3" />
      </testsuite>
    </testsuite>
  </testsuite>
  <testsuite name=".claude/test/tier1380-cli.test.ts" file=".claude/test/tier1380-cli.test.ts" tests="14" assertions="29" failures="0" skipped="0" time="0" hostname="Mac.attlocal.net">
    <testsuite name="Tier1380 CLI" file=".claude/test/tier1380-cli.test.ts" line="15" tests="14" assertions="29" failures="0" skipped="0" time="0" hostname="Mac.attlocal.net">
      <testsuite name="help command" file=".claude/test/tier1380-cli.test.ts" line="16" tests="2" assertions="4" failures="0" skipped="0" time="0.069" hostname="Mac.attlocal.net">
        <testcase name="should display help" classname="help command &amp;gt; Tier1380 CLI" time="0.028251" file=".claude/test/tier1380-cli.test.ts" line="17" assertions="3" />
        <testcase name="should display help with --help flag" classname="help command &amp;gt; Tier1380 CLI" time="0.041013" file=".claude/test/tier1380-cli.test.ts" line="24" assertions="1" />
      </testsuite>
      <testsuite name="version command" file=".claude/test/tier1380-cli.test.ts" line="30" tests="1" assertions="2" failures="0" skipped="0" time="0.019" hostname="Mac.attlocal.net">
        <testcase name="should display version" classname="version command &amp;gt; Tier1380 CLI" time="0.019365" file=".claude/test/tier1380-cli.test.ts" line="31" assertions="2" />
      </testsuite>
      <testsuite name="color commands" file=".claude/test/tier1380-cli.test.ts" line="38" tests="4" assertions="12" failures="0" skipped="0" time="0.05" hostname="Mac.attlocal.net">
        <testcase name="should generate palette" classname="color commands &amp;gt; Tier1380 CLI" time="0.014135" file=".claude/test/tier1380-cli.test.ts" line="39" assertions="4" />
        <testcase name="should validate palette" classname="color commands &amp;gt; Tier1380 CLI" time="0.012301" file=".claude/test/tier1380-cli.test.ts" line="48" assertions="3" />
        <testcase name="should check contrast" classname="color commands &amp;gt; Tier1380 CLI" time="0.013542" file=".claude/test/tier1380-cli.test.ts" line="56" assertions="2" />
        <testcase name="should suggest accessible colors" classname="color commands &amp;gt; Tier1380 CLI" time="0.011854" file=".claude/test/tier1380-cli.test.ts" line="63" assertions="3" />
      </testsuite>
      <testsuite name="team commands" file=".claude/test/tier1380-cli.test.ts" line="72" tests="3" assertions="4" failures="0" skipped="0" time="0.04" hostname="Mac.attlocal.net">
        <testcase name="should list teams" classname="team commands &amp;gt; Tier1380 CLI" time="0.011934" file=".claude/test/tier1380-cli.test.ts" line="73" assertions="1" />
        <testcase name="should show team stats" classname="team commands &amp;gt; Tier1380 CLI" time="0.018661" file=".claude/test/tier1380-cli.test.ts" line="78" assertions="2" />
        <testcase name="should show team themes" classname="team commands &amp;gt; Tier1380 CLI" time="0.011863" file=".claude/test/tier1380-cli.test.ts" line="85" assertions="1" />
      </testsuite>
      <testsuite name="profile commands" file=".claude/test/tier1380-cli.test.ts" line="91" tests="2" assertions="3" failures="0" skipped="0" time="0.023" hostname="Mac.attlocal.net">
        <testcase name="should show profile metrics" classname="profile commands &amp;gt; Tier1380 CLI" time="0.011458" file=".claude/test/tier1380-cli.test.ts" line="92" assertions="1" />
        <testcase name="should show profile theme" classname="profile commands &amp;gt; Tier1380 CLI" time="0.012581" file=".claude/test/tier1380-cli.test.ts" line="98" assertions="2" />
      </testsuite>
      <testsuite name="error handling" file=".claude/test/tier1380-cli.test.ts" line="106" tests="2" assertions="4" failures="0" skipped="0" time="0.022" hostname="Mac.attlocal.net">
        <testcase name="should show error for unknown command" classname="error handling &amp;gt; Tier1380 CLI" time="0.011946" file=".claude/test/tier1380-cli.test.ts" line="107" assertions="2" />
        <testcase name="should show error for missing arguments" classname="error handling &amp;gt; Tier1380 CLI" time="0.011913" file=".claude/test/tier1380-cli.test.ts" line="115" assertions="2" />
      </testsuite>
    </testsuite>
  </testsuite>
  <testsuite name=".claude/test/color-websocket.test.ts" file=".claude/test/color-websocket.test.ts" tests="4" assertions="7" failures="0" skipped="0" time="0" hostname="Mac.attlocal.net">
    <testsuite name="ColorWebSocketHub" file=".claude/test/color-websocket.test.ts" line="29" tests="4" assertions="7" failures="0" skipped="0" time="0" hostname="Mac.attlocal.net">
      <testsuite name="stats" file=".claude/test/color-websocket.test.ts" line="30" tests="1" assertions="4" failures="0" skipped="0" time="0" hostname="Mac.attlocal.net">
        <testcase name="should return initial stats" classname="stats &amp;gt; ColorWebSocketHub" time="0.000058" file=".claude/test/color-websocket.test.ts" line="31" assertions="4" />
      </testsuite>
      <testsuite name="members" file=".claude/test/color-websocket.test.ts" line="44" tests="1" assertions="1" failures="0" skipped="0" time="0" hostname="Mac.attlocal.net">
        <testcase name="should return empty members list initially" classname="members &amp;gt; ColorWebSocketHub" time="0.000049" file=".claude/test/color-websocket.test.ts" line="45" assertions="1" />
      </testsuite>
      <testsuite name="broadcast methods" file=".claude/test/color-websocket.test.ts" line="55" tests="2" assertions="2" failures="0" skipped="0" time="0" hostname="Mac.attlocal.net">
        <testcase name="should broadcast theme update without errors" classname="broadcast methods &amp;gt; ColorWebSocketHub" time="0" file=".claude/test/color-websocket.test.ts" line="56" assertions="1" />
        <testcase name="should broadcast color change without errors" classname="broadcast methods &amp;gt; ColorWebSocketHub" time="0.000094" file=".claude/test/color-websocket.test.ts" line="78" assertions="1" />
      </testsuite>
    </testsuite>
  </testsuite>
  <testsuite name=".claude/test/terminal-color-injector.test.ts" file=".claude/test/terminal-color-injector.test.ts" tests="22" assertions="59" failures="0" skipped="0" time="0" hostname="Mac.attlocal.net">
    <testsuite name="TerminalColorInjector" file=".claude/test/terminal-color-injector.test.ts" line="45" tests="18" assertions="49" failures="0" skipped="0" time="0" hostname="Mac.attlocal.net">
      <testsuite name="constructor" file=".claude/test/terminal-color-injector.test.ts" line="46" tests="2" assertions="4" failures="0" skipped="0" time="0" hostname="Mac.attlocal.net">
        <testcase name="should create injector with palette" classname="constructor &amp;gt; TerminalColorInjector" time="0" file=".claude/test/terminal-color-injector.test.ts" line="47" assertions="1" />
        <testcase name="should generate ANSI colors from palette" classname="constructor &amp;gt; TerminalColorInjector" time="0" file=".claude/test/terminal-color-injector.test.ts" line="52" assertions="3" />
      </testsuite>
      <testsuite name="color methods" file=".claude/test/terminal-color-injector.test.ts" line="62" tests="7" assertions="16" failures="0" skipped="0" time="0" hostname="Mac.attlocal.net">
        <testcase name="should colorize primary text" classname="color methods &amp;gt; TerminalColorInjector" time="0.00026" file=".claude/test/terminal-color-injector.test.ts" line="63" assertions="3" />
        <testcase name="should colorize success message with checkmark" classname="color methods &amp;gt; TerminalColorInjector" time="0.000043" file=".claude/test/terminal-color-injector.test.ts" line="72" assertions="3" />
        <testcase name="should colorize error message with x mark" classname="color methods &amp;gt; TerminalColorInjector" time="0" file=".claude/test/terminal-color-injector.test.ts" line="81" assertions="2" />
        <testcase name="should colorize warning message" classname="color methods &amp;gt; TerminalColorInjector" time="0.00003" file=".claude/test/terminal-color-injector.test.ts" line="89" assertions="2" />
        <testcase name="should colorize info message" classname="color methods &amp;gt; TerminalColorInjector" time="0" file=".claude/test/terminal-color-injector.test.ts" line="97" assertions="2" />
        <testcase name="should create bold text" classname="color methods &amp;gt; TerminalColorInjector" time="0" file=".claude/test/terminal-color-injector.test.ts" line="105" assertions="2" />
        <testcase name="should create muted text" classname="color methods &amp;gt; TerminalColorInjector" time="0" file=".claude/test/terminal-color-injector.test.ts" line="113" assertions="2" />
      </testsuite>
      <testsuite name="layout methods" file=".claude/test/terminal-color-injector.test.ts" line="122" tests="5" assertions="16" failures="0" skipped="0" time="0" hostname="Mac.attlocal.net">
        <testcase name="should create a header" classname="layout methods &amp;gt; TerminalColorInjector" time="0.000067" file=".claude/test/terminal-color-injector.test.ts" line="123" assertions="3" />
        <testcase name="should create a box" classname="layout methods &amp;gt; TerminalColorInjector" time="0" file=".claude/test/terminal-color-injector.test.ts" line="132" assertions="5" />
        <testcase name="should create a progress bar" classname="layout methods &amp;gt; TerminalColorInjector" time="0" file=".claude/test/terminal-color-injector.test.ts" line="143" assertions="3" />
        <testcase name="should format key-value pair" classname="layout methods &amp;gt; TerminalColorInjector" time="0.000121" file=".claude/test/terminal-color-injector.test.ts" line="152" assertions="3" />
        <testcase name="should create list item" classname="layout methods &amp;gt; TerminalColorInjector" time="0" file=".claude/test/terminal-color-injector.test.ts" line="161" assertions="2" />
      </testsuite>
      <testsuite name="format methods" file=".claude/test/terminal-color-injector.test.ts" line="170" tests="2" assertions="10" failures="0" skipped="0" time="0.006" hostname="Mac.attlocal.net">
        <testcase name="should format metrics" classname="format methods &amp;gt; TerminalColorInjector" time="0.006098" file=".claude/test/terminal-color-injector.test.ts" line="171" assertions="4" />
        <testcase name="should create a table" classname="format methods &amp;gt; TerminalColorInjector" time="0" file=".claude/test/terminal-color-injector.test.ts" line="186" assertions="6" />
      </testsuite>
      <testsuite name="welcome" file=".claude/test/terminal-color-injector.test.ts" line="205" tests="1" assertions="2" failures="0" skipped="0" time="0.001" hostname="Mac.attlocal.net">
        <testcase name="should create welcome message" classname="welcome &amp;gt; TerminalColorInjector" time="0.001088" file=".claude/test/terminal-color-injector.test.ts" line="206" assertions="2" />
      </testsuite>
      <testsuite name="Bun.color integration" file=".claude/test/terminal-color-injector.test.ts" line="216" tests="1" assertions="1" failures="0" skipped="0" time="0" hostname="Mac.attlocal.net">
        <testcase name="should use Bun.color for ANSI generation" classname="Bun.color integration &amp;gt; TerminalColorInjector" time="0" file=".claude/test/terminal-color-injector.test.ts" line="217" assertions="1" />
      </testsuite>
    </testsuite>
    <testsuite name="HTTP Endpoint Handlers" file=".claude/test/terminal-color-injector.test.ts" line="227" tests="4" assertions="10" failures="0" skipped="0" time="0" hostname="Mac.attlocal.net">
      <testsuite name="handleTerminalWelcome" file=".claude/test/terminal-color-injector.test.ts" line="228" tests="1" assertions="3" failures="0" skipped="0" time="0" hostname="Mac.attlocal.net">
        <testcase name="should return welcome response" classname="handleTerminalWelcome &amp;gt; HTTP Endpoint Handlers" time="0" file=".claude/test/terminal-color-injector.test.ts" line="229" assertions="3" />
      </testsuite>
      <testsuite name="handleTerminalOutput" file=".claude/test/terminal-color-injector.test.ts" line="243" tests="1" assertions="3" failures="0" skipped="0" time="0" hostname="Mac.attlocal.net">
        <testcase name="should colorize output via HTTP" classname="handleTerminalOutput &amp;gt; HTTP Endpoint Handlers" time="0" file=".claude/test/terminal-color-injector.test.ts" line="244" assertions="3" />
      </testsuite>
      <testsuite name="handleTerminalMetrics" file=".claude/test/terminal-color-injector.test.ts" line="259" tests="1" assertions="1" failures="0" skipped="0" time="0" hostname="Mac.attlocal.net">
        <testcase name="should format metrics via HTTP" classname="handleTerminalMetrics &amp;gt; HTTP Endpoint Handlers" time="0.000424" file=".claude/test/terminal-color-injector.test.ts" line="260" assertions="1" />
      </testsuite>
      <testsuite name="handleANSIPreview" file=".claude/test/terminal-color-injector.test.ts" line="268" tests="1" assertions="3" failures="0" skipped="0" time="0" hostname="Mac.attlocal.net">
        <testcase name="should return ANSI preview" classname="handleANSIPreview &amp;gt; HTTP Endpoint Handlers" time="0.000011" file=".claude/test/terminal-color-injector.test.ts" line="269" assertions="3" />
      </testsuite>
    </testsuite>
  </testsuite>
  <testsuite name=".claude/tests/bun-markdown.test.ts" file=".claude/tests/bun-markdown.test.ts" tests="35" assertions="0" failures="0" skipped="35" time="0" hostname="Mac.attlocal.net">
    <testsuite name="Bun.markdown availability" file=".claude/tests/bun-markdown.test.ts" line="16" tests="1" assertions="0" failures="0" skipped="1" time="0" hostname="Mac.attlocal.net">
      <testcase name="should exist as a function on the Bun global" classname="Bun.markdown availability" time="0" file=".claude/tests/bun-markdown.test.ts" line="17" assertions="0">
        <skipped />
      </testcase>
    </testsuite>
    <testsuite name="CommonMark core rendering" file=".claude/tests/bun-markdown.test.ts" line="23" tests="18" assertions="0" failures="0" skipped="18" time="0" hostname="Mac.attlocal.net">
      <testcase name="should render headings h1–h6" classname="CommonMark core rendering" time="0" file=".claude/tests/bun-markdown.test.ts" line="24" assertions="0">
        <skipped />
      </testcase>
      <testcase name="should render paragraphs" classname="CommonMark core rendering" time="0" file=".claude/tests/bun-markdown.test.ts" line="33" assertions="0">
        <skipped />
      </testcase>
      <testcase name="should render bold text" classname="CommonMark core rendering" time="0" file=".claude/tests/bun-markdown.test.ts" line="39" assertions="0">
        <skipped />
      </testcase>
      <testcase name="should render italic text" classname="CommonMark core rendering" time="0" file=".claude/tests/bun-markdown.test.ts" line="44" assertions="0">
        <skipped />
      </testcase>
      <testcase name="should render bold+italic combined" classname="CommonMark core rendering" time="0" file=".claude/tests/bun-markdown.test.ts" line="49" assertions="0">
        <skipped />
      </testcase>
      <testcase name="should render inline code" classname="CommonMark core rendering" time="0" file=".claude/tests/bun-markdown.test.ts" line="54" assertions="0">
        <skipped />
      </testcase>
      <testcase name="should render fenced code blocks" classname="CommonMark core rendering" time="0" file=".claude/tests/bun-markdown.test.ts" line="59" assertions="0">
        <skipped />
      </testcase>
      <testcase name="should render indented code blocks" classname="CommonMark core rendering" time="0" file=".claude/tests/bun-markdown.test.ts" line="67" assertions="0">
        <skipped />
      </testcase>
      <testcase name="should render unordered lists" classname="CommonMark core rendering" time="0" file=".claude/tests/bun-markdown.test.ts" line="74" assertions="0">
        <skipped />
      </testcase>
      <testcase name="should render ordered lists" classname="CommonMark core rendering" time="0" file=".claude/tests/bun-markdown.test.ts" line="82" assertions="0">
        <skipped />
      </testcase>
      <testcase name="should render blockquotes" classname="CommonMark core rendering" time="0" file=".claude/tests/bun-markdown.test.ts" line="89" assertions="0">
        <skipped />
      </testcase>
      <testcase name="should render nested blockquotes" classname="CommonMark core rendering" time="0" file=".claude/tests/bun-markdown.test.ts" line="95" assertions="0">
        <skipped />
      </testcase>
      <testcase name="should render horizontal rules" classname="CommonMark core rendering" time="0" file=".claude/tests/bun-markdown.test.ts" line="101" assertions="0">
        <skipped />
      </testcase>
      <testcase name="should render links" classname="CommonMark core rendering" time="0" file=".claude/tests/bun-markdown.test.ts" line="107" assertions="0">
        <skipped />
      </testcase>
      <testcase name="should render images" classname="CommonMark core rendering" time="0" file=".claude/tests/bun-markdown.test.ts" line="113" assertions="0">
        <skipped />
      </testcase>
      <testcase name="should render line breaks with two trailing spaces" classname="CommonMark core rendering" time="0" file=".claude/tests/bun-markdown.test.ts" line="120" assertions="0">
        <skipped />
      </testcase>
      <testcase name="should handle empty input" classname="CommonMark core rendering" time="0" file=".claude/tests/bun-markdown.test.ts" line="125" assertions="0">
        <skipped />
      </testcase>
      <testcase name="should handle whitespace-only input" classname="CommonMark core rendering" time="0" file=".claude/tests/bun-markdown.test.ts" line="130" assertions="0">
        <skipped />
      </testcase>
    </testsuite>
    <testsuite name="GFM extensions" file=".claude/tests/bun-markdown.test.ts" line="137" tests="4" assertions="0" failures="0" skipped="4" time="0" hostname="Mac.attlocal.net">
      <testcase name="should render tables" classname="GFM extensions" time="0" file=".claude/tests/bun-markdown.test.ts" line="138" assertions="0">
        <skipped />
      </testcase>
      <testcase name="should render strikethrough" classname="GFM extensions" time="0" file=".claude/tests/bun-markdown.test.ts" line="146" assertions="0">
        <skipped />
      </testcase>
      <testcase name="should render task lists" classname="GFM extensions" time="0" file=".claude/tests/bun-markdown.test.ts" line="152" assertions="0">
        <skipped />
      </testcase>
      <testcase name="should autolink URLs" classname="GFM extensions" time="0" file=".claude/tests/bun-markdown.test.ts" line="158" assertions="0">
        <skipped />
      </testcase>
    </testsuite>
    <testsuite name="edge cases" file=".claude/tests/bun-markdown.test.ts" line="166" tests="8" assertions="0" failures="0" skipped="8" time="0" hostname="Mac.attlocal.net">
      <testcase name="should handle deeply nested lists" classname="edge cases" time="0" file=".claude/tests/bun-markdown.test.ts" line="167" assertions="0">
        <skipped />
      </testcase>
      <testcase name="should handle special characters in inline code" classname="edge cases" time="0" file=".claude/tests/bun-markdown.test.ts" line="174" assertions="0">
        <skipped />
      </testcase>
      <testcase name="should handle HTML entities in text" classname="edge cases" time="0" file=".claude/tests/bun-markdown.test.ts" line="180" assertions="0">
        <skipped />
      </testcase>
      <testcase name="should handle unicode and emoji" classname="edge cases" time="0" file=".claude/tests/bun-markdown.test.ts" line="187" assertions="0">
        <skipped />
      </testcase>
      <testcase name="should handle very long single lines" classname="edge cases" time="0" file=".claude/tests/bun-markdown.test.ts" line="193" assertions="0">
        <skipped />
      </testcase>
      <testcase name="should handle mixed inline styles" classname="edge cases" time="0" file=".claude/tests/bun-markdown.test.ts" line="200" assertions="0">
        <skipped />
      </testcase>
      <testcase name="should handle code blocks with backticks inside" classname="edge cases" time="0" file=".claude/tests/bun-markdown.test.ts" line="206" assertions="0">
        <skipped />
      </testcase>
      <testcase name="should handle consecutive headings" classname="edge cases" time="0" file=".claude/tests/bun-markdown.test.ts" line="212" assertions="0">
        <skipped />
      </testcase>
    </testsuite>
    <testsuite name="return type" file=".claude/tests/bun-markdown.test.ts" line="222" tests="1" assertions="0" failures="0" skipped="1" time="0" hostname="Mac.attlocal.net">
      <testcase name="should always return a string" classname="return type" time="0" file=".claude/tests/bun-markdown.test.ts" line="223" assertions="0">
        <skipped />
      </testcase>
    </testsuite>
    <testsuite name="file integration" file=".claude/tests/bun-markdown.test.ts" line="231" tests="3" assertions="0" failures="0" skipped="3" time="0" hostname="Mac.attlocal.net">
      <testcase name="(unnamed)" classname="file integration" time="0" file=".claude/tests/bun-markdown.test.ts" assertions="0">
        <skipped />
      </testcase>
      <testcase name="should render markdown read from a file" classname="file integration" time="0" file=".claude/tests/bun-markdown.test.ts" line="258" assertions="0">
        <skipped />
      </testcase>
      <testcase name="should produce valid HTML output" classname="file integration" time="0" file=".claude/tests/bun-markdown.test.ts" line="269" assertions="0">
        <skipped />
      </testcase>
    </testsuite>
  </testsuite>
  <testsuite name=".claude/matrix/test-matrix-90.test.ts" file=".claude/matrix/test-matrix-90.test.ts" tests="24" assertions="69" failures="0" skipped="0" time="0" hostname="Mac.attlocal.net">
    <testsuite name="Column Standards (0-96)" file=".claude/matrix/test-matrix-90.test.ts" line="43" tests="6" assertions="22" failures="0" skipped="0" time="0" hostname="Mac.attlocal.net">
      <testcase name="should have all 97 columns defined (0-96)" classname="Column Standards (0-96)" time="0" file=".claude/matrix/test-matrix-90.test.ts" line="44" assertions="3" />
      <testcase name="should have DEFAULT column at position 0" classname="Column Standards (0-96)" time="0" file=".claude/matrix/test-matrix-90.test.ts" line="51" assertions="3" />
      <testcase name="should have Cloudflare zone columns (21-30)" classname="Column Standards (0-96)" time="0" file=".claude/matrix/test-matrix-90.test.ts" line="58" assertions="4" />
      <testcase name="should have Tension zone columns (31-45)" classname="Column Standards (0-96)" time="0" file=".claude/matrix/test-matrix-90.test.ts" line="65" assertions="4" />
      <testcase name="should have Validation zone columns (61-70)" classname="Column Standards (0-96)" time="0" file=".claude/matrix/test-matrix-90.test.ts" line="72" assertions="3" />
      <testcase name="should correctly identify zones" classname="Column Standards (0-96)" time="0" file=".claude/matrix/test-matrix-90.test.ts" line="78" assertions="5" />
    </testsuite>
    <testsuite name="Team Ownership" file=".claude/matrix/test-matrix-90.test.ts" line="91" tests="3" assertions="15" failures="0" skipped="0" time="0" hostname="Mac.attlocal.net">
      <testcase name="should have correct Cloudflare ownership split" classname="Team Ownership" time="0" file=".claude/matrix/test-matrix-90.test.ts" line="92" assertions="7" />
      <testcase name="should have all 6 teams defined" classname="Team Ownership" time="0" file=".claude/matrix/test-matrix-90.test.ts" line="109" assertions="6" />
      <testcase name="should return columns by team" classname="Team Ownership" time="0.000216" file=".claude/matrix/test-matrix-90.test.ts" line="119" assertions="2" />
    </testsuite>
    <testsuite name="DEFAULT Column" file=".claude/matrix/test-matrix-90.test.ts" line="132" tests="2" assertions="5" failures="0" skipped="0" time="0" hostname="Mac.attlocal.net">
      <testcase name="should return correct default values by zone" classname="DEFAULT Column" time="0" file=".claude/matrix/test-matrix-90.test.ts" line="133" assertions="3" />
      <testcase name="should have DEFAULT column with examples" classname="DEFAULT Column" time="0" file=".claude/matrix/test-matrix-90.test.ts" line="139" assertions="2" />
    </testsuite>
    <testsuite name="Column Validation" file=".claude/matrix/test-matrix-90.test.ts" line="150" tests="3" assertions="10" failures="0" skipped="0" time="0" hostname="Mac.attlocal.net">
      <testcase name="should validate tension column ranges" classname="Column Validation" time="0" file=".claude/matrix/test-matrix-90.test.ts" line="151" assertions="3" />
      <testcase name="should validate Cloudflare column thresholds" classname="Column Validation" time="0" file=".claude/matrix/test-matrix-90.test.ts" line="158" assertions="3" />
      <testcase name="should validate Cloudflare profile links" classname="Column Validation" time="0" file=".claude/matrix/test-matrix-90.test.ts" line="165" assertions="4" />
    </testsuite>
    <testsuite name="Environment Variables" file=".claude/matrix/test-matrix-90.test.ts" line="181" tests="3" assertions="4" failures="0" skipped="0" time="0" hostname="Mac.attlocal.net">
      <testcase name="should detect test environment" classname="Environment Variables" time="0" file=".claude/matrix/test-matrix-90.test.ts" line="182" assertions="2" />
      <testcase name="should respect ENABLE_CACHE flag" classname="Environment Variables" time="0.000108" file=".claude/matrix/test-matrix-90.test.ts" line="187" assertions="1" />
      <testcase name="should respect VALIDATION_STRICT flag" classname="Environment Variables" time="0" file=".claude/matrix/test-matrix-90.test.ts" line="192" assertions="1" />
    </testsuite>
    <testsuite name="CLI Support" file=".claude/matrix/test-matrix-90.test.ts" line="202" tests="3" assertions="7" failures="0" skipped="0" time="0" hostname="Mac.attlocal.net">
      <testcase name="should support bun test command" classname="CLI Support" time="0" file=".claude/matrix/test-matrix-90.test.ts" line="203" assertions="2" />
      <testcase name="should expose getColumn function" classname="CLI Support" time="0" file=".claude/matrix/test-matrix-90.test.ts" line="209" assertions="3" />
      <testcase name="should expose getColumnsByZone function" classname="CLI Support" time="0.000053" file=".claude/matrix/test-matrix-90.test.ts" line="216" assertions="2" />
    </testsuite>
    <testsuite name="Bun Native Support" file=".claude/matrix/test-matrix-90.test.ts" line="227" tests="4" assertions="6" failures="0" skipped="0" time="0" hostname="Mac.attlocal.net">
      <testcase name="should run with Bun runtime" classname="Bun Native Support" time="0" file=".claude/matrix/test-matrix-90.test.ts" line="228" assertions="2" />
      <testcase name="should support Bun.nanoseconds() for timing" classname="Bun Native Support" time="0.000032" file=".claude/matrix/test-matrix-90.test.ts" line="233" assertions="1" />
      <testcase name="should support native TypeScript execution" classname="Bun Native Support" time="0.000007" file=".claude/matrix/test-matrix-90.test.ts" line="241" assertions="1" />
      <testcase name="should support Bun.inspect for debugging" classname="Bun Native Support" time="0.000025" file=".claude/matrix/test-matrix-90.test.ts" line="247" assertions="2" />
    </testsuite>
  </testsuite>
  <testsuite name=".claude/matrix/column-standards.test.ts" file=".claude/matrix/column-standards.test.ts" tests="30" assertions="81" failures="0" skipped="0" time="0" hostname="Mac.attlocal.net">
    <testsuite name="CLI Basics" file=".claude/matrix/column-standards.test.ts" line="31" tests="3" assertions="9" failures="0" skipped="0" time="0.038" hostname="Mac.attlocal.net">
      <testcase name="should show help" classname="CLI Basics" time="0.013571" file=".claude/matrix/column-standards.test.ts" line="32" assertions="3" />
      <testcase name="should show version" classname="CLI Basics" time="0.012483" file=".claude/matrix/column-standards.test.ts" line="39" assertions="3" />
      <testcase name="should list all columns" classname="CLI Basics" time="0.013503" file=".claude/matrix/column-standards.test.ts" line="46" assertions="3" />
    </testsuite>
    <testsuite name="Get Command" file=".claude/matrix/column-standards.test.ts" line="54" tests="4" assertions="10" failures="0" skipped="0" time="0.059" hostname="Mac.attlocal.net">
      <testcase name="should get column 45" classname="Get Command" time="0.015548" file=".claude/matrix/column-standards.test.ts" line="55" assertions="4" />
      <testcase name="should get column 0" classname="Get Command" time="0.013268" file=".claude/matrix/column-standards.test.ts" line="63" assertions="2" />
      <testcase name="should fail on invalid column" classname="Get Command" time="0.017137" file=".claude/matrix/column-standards.test.ts" line="69" assertions="2" />
      <testcase name="should output JSON" classname="Get Command" time="0.014956" file=".claude/matrix/column-standards.test.ts" line="75" assertions="2" />
    </testsuite>
    <testsuite name="Search Command" file=".claude/matrix/column-standards.test.ts" line="83" tests="2" assertions="5" failures="0" skipped="0" time="0.03" hostname="Mac.attlocal.net">
      <testcase name="should search for tension" classname="Search Command" time="0.017362" file=".claude/matrix/column-standards.test.ts" line="84" assertions="3" />
      <testcase name="should handle no results" classname="Search Command" time="0.01361" file=".claude/matrix/column-standards.test.ts" line="91" assertions="2" />
    </testsuite>
    <testsuite name="Zone Shortcuts" file=".claude/matrix/column-standards.test.ts" line="98" tests="3" assertions="9" failures="0" skipped="0" time="0.046" hostname="Mac.attlocal.net">
      <testcase name="should show tension zone" classname="Zone Shortcuts" time="0.014027" file=".claude/matrix/column-standards.test.ts" line="99" assertions="3" />
      <testcase name="should show cloudflare zone" classname="Zone Shortcuts" time="0.017039" file=".claude/matrix/column-standards.test.ts" line="106" assertions="3" />
      <testcase name="should show chrome zone" classname="Zone Shortcuts" time="0.01516" file=".claude/matrix/column-standards.test.ts" line="113" assertions="3" />
    </testsuite>
    <testsuite name="Find Command" file=".claude/matrix/column-standards.test.ts" line="121" tests="4" assertions="10" failures="0" skipped="0" time="0.061" hostname="Mac.attlocal.net">
      <testcase name="should find by zone" classname="Find Command" time="0.017016" file=".claude/matrix/column-standards.test.ts" line="122" assertions="3" />
      <testcase name="should find by type" classname="Find Command" time="0.013998" file=".claude/matrix/column-standards.test.ts" line="129" assertions="2" />
      <testcase name="should find required columns" classname="Find Command" time="0.014566" file=".claude/matrix/column-standards.test.ts" line="135" assertions="2" />
      <testcase name="should find by multiple criteria" classname="Find Command" time="0.017885" file=".claude/matrix/column-standards.test.ts" line="141" assertions="3" />
    </testsuite>
    <testsuite name="Pipe Formats" file=".claude/matrix/column-standards.test.ts" line="149" tests="5" assertions="12" failures="0" skipped="0" time="0.061" hostname="Mac.attlocal.net">
      <testcase name="should output TSV" classname="Pipe Formats" time="0.012255" file=".claude/matrix/column-standards.test.ts" line="150" assertions="3" />
[...]
        <testcase name="extracts red from mixed color" classname="red &amp;gt; color" time="0" file=".claude/lib/__tests__/cli.test.ts" line="386" assertions="1" />
        <testcase name="accepts CSS color names" classname="red &amp;gt; color" time="0.000061" file=".claude/lib/__tests__/cli.test.ts" line="390" assertions="2" />
      </testsuite>
      <testsuite name="green" file=".claude/lib/__tests__/cli.test.ts" line="396" tests="3" assertions="3" failures="0" skipped="0" time="0" hostname="Mac.attlocal.net">
        <testcase name="extracts green channel from pure green" classname="green &amp;gt; color" time="0" file=".claude/lib/__tests__/cli.test.ts" line="397" assertions="1" />
        <testcase name="returns 0 for pure red" classname="green &amp;gt; color" time="0" file=".claude/lib/__tests__/cli.test.ts" line="401" assertions="1" />
        <testcase name="accepts CSS color names" classname="green &amp;gt; color" time="0.000015" file=".claude/lib/__tests__/cli.test.ts" line="405" assertions="1" />
      </testsuite>
      <testsuite name="blue" file=".claude/lib/__tests__/cli.test.ts" line="410" tests="3" assertions="3" failures="0" skipped="0" time="0" hostname="Mac.attlocal.net">
        <testcase name="extracts blue channel from pure blue" classname="blue &amp;gt; color" time="0" file=".claude/lib/__tests__/cli.test.ts" line="411" assertions="1" />
        <testcase name="returns 0 for pure red" classname="blue &amp;gt; color" time="0" file=".claude/lib/__tests__/cli.test.ts" line="415" assertions="1" />
        <testcase name="extracts blue from mixed color" classname="blue &amp;gt; color" time="0" file=".claude/lib/__tests__/cli.test.ts" line="419" assertions="1" />
      </testsuite>
      <testsuite name="alpha" file=".claude/lib/__tests__/cli.test.ts" line="424" tests="3" assertions="3" failures="0" skipped="0" time="0" hostname="Mac.attlocal.net">
        <testcase name="returns 1 for opaque hex colors" classname="alpha &amp;gt; color" time="0" file=".claude/lib/__tests__/cli.test.ts" line="425" assertions="1" />
        <testcase name="returns 1 for CSS color names" classname="alpha &amp;gt; color" time="0" file=".claude/lib/__tests__/cli.test.ts" line="429" assertions="1" />
        <testcase name="extracts alpha from rgba() string" classname="alpha &amp;gt; color" time="0" file=".claude/lib/__tests__/cli.test.ts" line="433" assertions="1" />
      </testsuite>
    </testsuite>
    <testsuite name="fmt" file=".claude/lib/__tests__/cli.test.ts" line="439" tests="8" assertions="19" failures="0" skipped="0" time="0" hostname="Mac.attlocal.net">
      <testcase name="ok() wraps with green check mark" classname="fmt" time="0" file=".claude/lib/__tests__/cli.test.ts" line="440" assertions="4" />
      <testcase name="fail() wraps with red cross" classname="fmt" time="0.000058" file=".claude/lib/__tests__/cli.test.ts" line="448" assertions="3" />
      <testcase name="warn() wraps with yellow warning" classname="fmt" time="0" file=".claude/lib/__tests__/cli.test.ts" line="455" assertions="3" />
      <testcase name="info() wraps with blue info icon" classname="fmt" time="0" file=".claude/lib/__tests__/cli.test.ts" line="462" assertions="3" />
      <testcase name="bold() wraps with bold escape" classname="fmt" time="0" file=".claude/lib/__tests__/cli.test.ts" line="469" assertions="1" />
      <testcase name="dim() wraps with dim escape" classname="fmt" time="0" file=".claude/lib/__tests__/cli.test.ts" line="474" assertions="1" />
      <testcase name="cmd() wraps with accent color" classname="fmt" time="0" file=".claude/lib/__tests__/cli.test.ts" line="479" assertions="1" />
      <testcase name="tag() wraps label in primary color brackets" classname="fmt" time="0" file=".claude/lib/__tests__/cli.test.ts" line="484" assertions="3" />
    </testsuite>
    <testsuite name="runCmd" file=".claude/lib/__tests__/cli.test.ts" line="492" tests="5" assertions="10" failures="0" skipped="0" time="0.006" hostname="Mac.attlocal.net">
      <testcase name="runs a successful command" classname="runCmd" time="0.001426" file=".claude/lib/__tests__/cli.test.ts" line="493" assertions="3" />
      <testcase name="captures stderr" classname="runCmd" time="0.002785" file=".claude/lib/__tests__/cli.test.ts" line="500" assertions="1" />
      <testcase name="returns failure for non-zero exit" classname="runCmd" time="0.002457" file=".claude/lib/__tests__/cli.test.ts" line="505" assertions="2" />
      <testcase name="handles command not found gracefully" classname="runCmd" time="0.000114" file=".claude/lib/__tests__/cli.test.ts" line="511" assertions="2" />
      <testcase name="accepts cwd option" classname="runCmd" time="0.001403" file=".claude/lib/__tests__/cli.test.ts" line="517" assertions="2" />
    </testsuite>
    <testsuite name="jsc" file=".claude/lib/__tests__/cli.test.ts" line="525" tests="10" assertions="373" failures="0" skipped="0" time="0.003" hostname="Mac.attlocal.net">
      <testcase name="heapStats() returns heap metrics with expected shape" classname="jsc" time="0.001354" file=".claude/lib/__tests__/cli.test.ts" line="526" assertions="5" />
      <testcase name="heapStats().objectTypeCounts has string keys and number values" classname="jsc" time="0.001185" file=".claude/lib/__tests__/cli.test.ts" line="535" assertions="347" />
      <testcase name="heapSize() returns a positive number" classname="jsc" time="0" file=".claude/lib/__tests__/cli.test.ts" line="545" assertions="1" />
      <testcase name="gc() returns before/after/freed metrics" classname="jsc" time="0.001444" file=".claude/lib/__tests__/cli.test.ts" line="549" assertions="4" />
      <testcase name="describe() returns a string for various value types" classname="jsc" time="0" file=".claude/lib/__tests__/cli.test.ts" line="557" assertions="5" />
      <testcase name="sizeOf() returns positive bytes for objects" classname="jsc" time="0" file=".claude/lib/__tests__/cli.test.ts" line="565" assertions="3" />
      <testcase name="memoryPressure() returns a non-negative number" classname="jsc" time="0" file=".claude/lib/__tests__/cli.test.ts" line="571" assertions="2" />
      <testcase name="optimize() accepts a function without throwing" classname="jsc" time="0" file=".claude/lib/__tests__/cli.test.ts" line="577" assertions="1" />
      <testcase name="compileInfo() returns JIT stats for a function" classname="jsc" time="0" file=".claude/lib/__tests__/cli.test.ts" line="582" assertions="3" />
      <testcase name="profile() returns profiling data for a function" classname="jsc" time="0.000627" file=".claude/lib/__tests__/cli.test.ts" line="592" assertions="2" />
    </testsuite>
    <testsuite name="transpiler" file=".claude/lib/__tests__/cli.test.ts" line="604" tests="9" assertions="28" failures="0" skipped="0" time="0" hostname="Mac.attlocal.net">
      <testcase name="transformSync() compiles TSX to JS" classname="transpiler" time="0.000171" file=".claude/lib/__tests__/cli.test.ts" line="605" assertions="3" />
      <testcase name="transformSync() strips TypeScript types" classname="transpiler" time="0" file=".claude/lib/__tests__/cli.test.ts" line="616" assertions="2" />
      <testcase name="transform() returns a Promise that resolves to JS" classname="transpiler" time="0.000194" file=".claude/lib/__tests__/cli.test.ts" line="625" assertions="2" />
      <testcase name="scan() returns imports and exports" classname="transpiler" time="0.000055" file=".claude/lib/__tests__/cli.test.ts" line="634" assertions="4" />
      <testcase name="scan() detects dynamic imports" classname="transpiler" time="0" file=".claude/lib/__tests__/cli.test.ts" line="649" assertions="2" />
      <testcase name="scanImports() returns only imports (no exports)" classname="transpiler" time="0.000127" file=".claude/lib/__tests__/cli.test.ts" line="657" assertions="3" />
      <testcase name="scanImports() categorizes require vs import" classname="transpiler" time="0.000069" file=".claude/lib/__tests__/cli.test.ts" line="670" assertions="4" />
      <testcase name="scanFile() reads and scans a real file" classname="transpiler" time="0.000262" file=".claude/lib/__tests__/cli.test.ts" line="684" assertions="5" />
      <testcase name="transformFile() transpiles a real file" classname="transpiler" time="0.000196" file=".claude/lib/__tests__/cli.test.ts" line="693" assertions="3" />
    </testsuite>
    <testsuite name="Case" file=".claude/lib/__tests__/cli.test.ts" line="704" tests="24" assertions="24" failures="0" skipped="0" time="0" hostname="Mac.attlocal.net">
      <testsuite name="camel" file=".claude/lib/__tests__/cli.test.ts" line="705" tests="6" assertions="6" failures="0" skipped="0" time="0" hostname="Mac.attlocal.net">
        <testcase name="converts kebab-case" classname="camel &amp;gt; Case" time="0.00019" file=".claude/lib/__tests__/cli.test.ts" line="706" assertions="1" />
        <testcase name="converts snake_case" classname="camel &amp;gt; Case" time="0" file=".claude/lib/__tests__/cli.test.ts" line="710" assertions="1" />
        <testcase name="converts PascalCase" classname="camel &amp;gt; Case" time="0" file=".claude/lib/__tests__/cli.test.ts" line="714" assertions="1" />
        <testcase name="converts space-separated words" classname="camel &amp;gt; Case" time="0" file=".claude/lib/__tests__/cli.test.ts" line="718" assertions="1" />
        <testcase name="handles single word" classname="camel &amp;gt; Case" time="0" file=".claude/lib/__tests__/cli.test.ts" line="722" assertions="1" />
        <testcase name="handles UPPER_SNAKE_CASE" classname="camel &amp;gt; Case" time="0" file=".claude/lib/__tests__/cli.test.ts" line="726" assertions="1" />
      </testsuite>
      <testsuite name="pascal" file=".claude/lib/__tests__/cli.test.ts" line="731" tests="4" assertions="4" failures="0" skipped="0" time="0" hostname="Mac.attlocal.net">
        <testcase name="converts camelCase" classname="pascal &amp;gt; Case" time="0" file=".claude/lib/__tests__/cli.test.ts" line="732" assertions="1" />
        <testcase name="converts kebab-case" classname="pascal &amp;gt; Case" time="0.000112" file=".claude/lib/__tests__/cli.test.ts" line="736" assertions="1" />
        <testcase name="converts snake_case" classname="pascal &amp;gt; Case" time="0" file=".claude/lib/__tests__/cli.test.ts" line="740" assertions="1" />
        <testcase name="handles single word" classname="pascal &amp;gt; Case" time="0" file=".claude/lib/__tests__/cli.test.ts" line="744" assertions="1" />
      </testsuite>
      <testsuite name="kebab" file=".claude/lib/__tests__/cli.test.ts" line="749" tests="4" assertions="4" failures="0" skipped="0" time="0" hostname="Mac.attlocal.net">
        <testcase name="converts camelCase" classname="kebab &amp;gt; Case" time="0" file=".claude/lib/__tests__/cli.test.ts" line="750" assertions="1" />
        <testcase name="converts PascalCase" classname="kebab &amp;gt; Case" time="0" file=".claude/lib/__tests__/cli.test.ts" line="754" assertions="1" />
        <testcase name="converts snake_case" classname="kebab &amp;gt; Case" time="0" file=".claude/lib/__tests__/cli.test.ts" line="758" assertions="1" />
        <testcase name="converts UPPER_SNAKE_CASE" classname="kebab &amp;gt; Case" time="0" file=".claude/lib/__tests__/cli.test.ts" line="762" assertions="1" />
      </testsuite>
      <testsuite name="snake" file=".claude/lib/__tests__/cli.test.ts" line="767" tests="3" assertions="3" failures="0" skipped="0" time="0" hostname="Mac.attlocal.net">
        <testcase name="converts camelCase" classname="snake &amp;gt; Case" time="0" file=".claude/lib/__tests__/cli.test.ts" line="768" assertions="1" />
        <testcase name="converts PascalCase" classname="snake &amp;gt; Case" time="0" file=".claude/lib/__tests__/cli.test.ts" line="772" assertions="1" />
        <testcase name="converts kebab-case" classname="snake &amp;gt; Case" time="0" file=".claude/lib/__tests__/cli.test.ts" line="776" assertions="1" />
      </testsuite>
      <testsuite name="constant" file=".claude/lib/__tests__/cli.test.ts" line="781" tests="3" assertions="3" failures="0" skipped="0" time="0" hostname="Mac.attlocal.net">
        <testcase name="converts camelCase" classname="constant &amp;gt; Case" time="0" file=".claude/lib/__tests__/cli.test.ts" line="782" assertions="1" />
        <testcase name="converts kebab-case" classname="constant &amp;gt; Case" time="0" file=".claude/lib/__tests__/cli.test.ts" line="786" assertions="1" />
        <testcase name="converts PascalCase" classname="constant &amp;gt; Case" time="0.000108" file=".claude/lib/__tests__/cli.test.ts" line="790" assertions="1" />
      </testsuite>
      <testsuite name="title" file=".claude/lib/__tests__/cli.test.ts" line="795" tests="4" assertions="4" failures="0" skipped="0" time="0" hostname="Mac.attlocal.net">
        <testcase name="converts camelCase" classname="title &amp;gt; Case" time="0.000012" file=".claude/lib/__tests__/cli.test.ts" line="796" assertions="1" />
        <testcase name="converts kebab-case" classname="title &amp;gt; Case" time="0" file=".claude/lib/__tests__/cli.test.ts" line="800" assertions="1" />
        <testcase name="converts snake_case" classname="title &amp;gt; Case" time="0" file=".claude/lib/__tests__/cli.test.ts" line="804" assertions="1" />
        <testcase name="handles single word" classname="title &amp;gt; Case" time="0" file=".claude/lib/__tests__/cli.test.ts" line="808" assertions="1" />
      </testsuite>
    </testsuite>
    <testsuite name="Tier-1380 Integration" file=".claude/lib/__tests__/cli.test.ts" line="814" tests="4" assertions="7" failures="0" skipped="0" time="0.001" hostname="Mac.attlocal.net">
      <testcase name="generates team-specific ANSI from HEX" classname="Tier-1380 Integration" time="0" file=".claude/lib/__tests__/cli.test.ts" line="815" assertions="2" />
      <testcase name="CLI formatting works with THEME" classname="Tier-1380 Integration" time="0" file=".claude/lib/__tests__/cli.test.ts" line="822" assertions="2" />
      <testcase name="runCmd integrates with colored output" classname="Tier-1380 Integration" time="0.001345" file=".claude/lib/__tests__/cli.test.ts" line="828" assertions="1" />
      <testcase name="transpiler preserves color imports" classname="Tier-1380 Integration" time="0.000166" file=".claude/lib/__tests__/cli.test.ts" line="835" assertions="2" />
    </testsuite>
  </testsuite>
  <testsuite name=".claude/src/system/version/version-system.test.ts" file=".claude/src/system/version/version-system.test.ts" tests="21" assertions="53" failures="0" skipped="0" time="0" hostname="Mac.attlocal.net">
    <testsuite name="VERSION_SYSTEM" file=".claude/src/system/version/version-system.test.ts" line="11" tests="21" assertions="53" failures="0" skipped="0" time="0" hostname="Mac.attlocal.net">
      <testsuite name="VersionSystem Core" file=".claude/src/system/version/version-system.test.ts" line="12" tests="16" assertions="44" failures="0" skipped="0" time="0" hostname="Mac.attlocal.net">
        <testcase name="should parse valid semver" classname="VersionSystem Core &amp;gt; VERSION_SYSTEM" time="0.000357" file=".claude/src/system/version/version-system.test.ts" line="13" assertions="1" />
        <testcase name="should parse semver with prerelease" classname="VersionSystem Core &amp;gt; VERSION_SYSTEM" time="0" file=".claude/src/system/version/version-system.test.ts" line="24" assertions="1" />
        <testcase name="should parse semver with build" classname="VersionSystem Core &amp;gt; VERSION_SYSTEM" time="0" file=".claude/src/system/version/version-system.test.ts" line="35" assertions="1" />
        <testcase name="should parse semver with prerelease and build" classname="VersionSystem Core &amp;gt; VERSION_SYSTEM" time="0" file=".claude/src/system/version/version-system.test.ts" line="46" assertions="1" />
        <testcase name="should handle v prefix" classname="VersionSystem Core &amp;gt; VERSION_SYSTEM" time="0.000143" file=".claude/src/system/version/version-system.test.ts" line="57" assertions="1" />
        <testcase name="should return null for invalid semver" classname="VersionSystem Core &amp;gt; VERSION_SYSTEM" time="0" file=".claude/src/system/version/version-system.test.ts" line="68" assertions="3" />
        <testcase name="should compare versions correctly" classname="VersionSystem Core &amp;gt; VERSION_SYSTEM" time="0" file=".claude/src/system/version/version-system.test.ts" line="74" assertions="4" />
        <testcase name="should satisfy caret ranges" classname="VersionSystem Core &amp;gt; VERSION_SYSTEM" time="0.000125" file=".claude/src/system/version/version-system.test.ts" line="87" assertions="4" />
        <testcase name="should satisfy tilde ranges" classname="VersionSystem Core &amp;gt; VERSION_SYSTEM" time="0.000037" file=".claude/src/system/version/version-system.test.ts" line="102" assertions="2" />
        <testcase name="should satisfy greater/less ranges" classname="VersionSystem Core &amp;gt; VERSION_SYSTEM" time="0" file=".claude/src/system/version/version-system.test.ts" line="111" assertions="5" />
        <testcase name="should bump versions correctly" classname="VersionSystem Core &amp;gt; VERSION_SYSTEM" time="0.000049" file=".claude/src/system/version/version-system.test.ts" line="129" assertions="4" />
        <testcase name="should bump prerelease versions" classname="VersionSystem Core &amp;gt; VERSION_SYSTEM" time="0.000046" file=".claude/src/system/version/version-system.test.ts" line="144" assertions="1" />
        <testcase name="should validate semver" classname="VersionSystem Core &amp;gt; VERSION_SYSTEM" time="0" file=".claude/src/system/version/version-system.test.ts" line="153" assertions="4" />
        <testcase name="should format version" classname="VersionSystem Core &amp;gt; VERSION_SYSTEM" time="0.000039" file=".claude/src/system/version/version-system.test.ts" line="160" assertions="2" />
        <testcase name="should get runtime info" classname="VersionSystem Core &amp;gt; VERSION_SYSTEM" time="0" file=".claude/src/system/version/version-system.test.ts" line="174" assertions="6" />
        <testcase name="should check compatibility" classname="VersionSystem Core &amp;gt; VERSION_SYSTEM" time="0.000072" file=".claude/src/system/version/version-system.test.ts" line="184" assertions="4" />
      </testsuite>
      <testsuite name="VersionSystem Singleton" file=".claude/src/system/version/version-system.test.ts" line="193" tests="2" assertions="2" failures="0" skipped="0" time="0" hostname="Mac.attlocal.net">
        <testcase name="should return same instance" classname="VersionSystem Singleton &amp;gt; VERSION_SYSTEM" time="0.000023" file=".claude/src/system/version/version-system.test.ts" line="194" assertions="1" />
        <testcase name="should cache parsed versions" classname="VersionSystem Singleton &amp;gt; VERSION_SYSTEM" time="0" file=".claude/src/system/version/version-system.test.ts" line="200" assertions="1" />
      </testsuite>
      <testsuite name="Version Comparison Edge Cases" file=".claude/src/system/version/version-system.test.ts" line="215" tests="3" assertions="7" failures="0" skipped="0" time="0" hostname="Mac.attlocal.net">
        <testcase name="should handle prerelease comparison" classname="Version Comparison Edge Cases &amp;gt; VERSION_SYSTEM" time="0.000246" file=".claude/src/system/version/version-system.test.ts" line="216" assertions="3" />
        <testcase name="should handle canary versions" classname="Version Comparison Edge Cases &amp;gt; VERSION_SYSTEM" time="0" file=".claude/src/system/version/version-system.test.ts" line="233" assertions="2" />
        <testcase name="should handle nightly versions" classname="Version Comparison Edge Cases &amp;gt; VERSION_SYSTEM" time="0" file=".claude/src/system/version/version-system.test.ts" line="239" assertions="2" />
      </testsuite>
    </testsuite>
  </testsuite>
</testsuites>
